Solid Edge Translation To obj
Date: Sonntag,März 29,2020 04:28nachm.
Output File: C:\Users\jonas\Desktop\project-zedekiel\case\translated\case-bottom-extended-top.obj
Author: Unknown
Organization: Unknown
Source System: SOLID EDGE

Hardware:
Processor: Intel(R) Core(TM) i5-8600K CPU @ 3.60GHz
Operating System: Windows 10 Professional
Installed Memory: 15.95 GB

Software Information:
Parasolid Version: 31.1.255
PSBodyshop Version: 31.1.110
OBJ Adapter Version: 5.0.79
Solid Edge Version: 220.00.00.104 x64

OBJ Export Options:
Export Construction Solids:Off
Export Displayed Parts:Off
Export Construction Sheets:Off
Enable Logging:On
Export Textures:Off
Export Units:Millimeters
Export Tolerance Value:1.250000
Export Tolerance Type:Custom
Export Surface Plane Angle Value:0.523599

Translation progress:
Translation process completed
Time required to translate:00 : 00 : 02
